# JRE version: Java(TM) SE Runtime Environment (7.0_67-b01) (build 1.7.0_67-b01)
# Java VM: Java HotSpot(TM) 64-Bit Server VM (24.65-b04 mixed mode bsd-amd64 compressed oops)
Heap
 PSYoungGen      total 338432K, used 327168K [0x00000007eaa80000, 0x0000000800000000, 0x0000000800000000)
  eden space 327168K, 100% used [0x00000007eaa80000,0x00000007fea00000,0x00000007fea00000)
  from space 11264K, 0% used [0x00000007ff500000,0x00000007ff500000,0x0000000800000000)
  to   space 11264K, 59% used [0x00000007fea00000,0x00000007ff08c010,0x00000007ff500000)
 ParOldGen       total 87040K, used 11564K [0x00000007c0000000, 0x00000007c5500000, 0x00000007eaa80000)
  object space 87040K, 13% used [0x00000007c0000000,0x00000007c0b4b2f8,0x00000007c5500000)
 PSPermGen       total 68096K, used 33602K [0x00000007b0000000, 0x00000007b4280000, 0x00000007c0000000)
  object space 68096K, 49% used [0x00000007b0000000,0x00000007b20d09c8,0x00000007b4280000)
GC Heap History (10 events):
Event: 30.150 GC heap after
Heap after GC invocations=13 (full 1):
 PSYoungGen      total 225280K, used 4384K [0x00000007eaa80000, 0x0000000800000000, 0x0000000800000000)
  eden space 216576K, 0% used [0x00000007eaa80000,0x00000007eaa80000,0x00000007f7e00000)
  from space 8704K, 50% used [0x00000007f8680000,0x00000007f8ac8020,0x00000007f8f00000)
  to   space 8704K, 0% used [0x00000007f7e00000,0x00000007f7e00000,0x00000007f8680000)
 ParOldGen       total 87040K, used 15060K [0x00000007c0000000, 0x00000007c5500000, 0x00000007eaa80000)
  object space 87040K, 17% used [0x00000007c0000000,0x00000007c0eb5288,0x00000007c5500000)
 PSPermGen       total 60416K, used 30349K [0x00000007b0000000, 0x00000007b3b00000, 0x00000007c0000000)
  object space 60416K, 50% used [0x00000007b0000000,0x00000007b1da3418,0x00000007b3b00000)
}
Event: 177.122 GC heap before
{Heap before GC invocations=14 (full 1):
 PSYoungGen      total 225280K, used 177379K [0x00000007eaa80000, 0x0000000800000000, 0x0000000800000000)
  eden space 216576K, 79% used [0x00000007eaa80000,0x00000007f5370fd8,0x00000007f7e00000)
  from space 8704K, 50% used [0x00000007f8680000,0x00000007f8ac8020,0x00000007f8f00000)
  to   space 8704K, 0% used [0x00000007f7e00000,0x00000007f7e00000,0x00000007f8680000)
 ParOldGen       total 87040K, used 15060K [0x00000007c0000000, 0x00000007c5500000, 0x00000007eaa80000)
  object space 87040K, 17% used [0x00000007c0000000,0x00000007c0eb5288,0x00000007c5500000)
 PSPermGen       total 60416K, used 33262K [0x00000007b0000000, 0x00000007b3b00000, 0x00000007c0000000)
  object space 60416K, 55% used [0x00000007b0000000,0x00000007b207b8b0,0x00000007b3b00000)
Event: 177.142 GC heap after
Heap after GC invocations=14 (full 1):
 PSYoungGen      total 225280K, used 8689K [0x00000007eaa80000, 0x0000000800000000, 0x0000000800000000)
  eden space 216576K, 0% used [0x00000007eaa80000,0x00000007eaa80000,0x00000007f7e00000)
  from space 8704K, 99% used [0x00000007f7e00000,0x00000007f867c4d0,0x00000007f8680000)
  to   space 11264K, 0% used [0x00000007ff500000,0x00000007ff500000,0x0000000800000000)
 ParOldGen       total 87040K, used 19291K [0x00000007c0000000, 0x00000007c5500000, 0x00000007eaa80000)
  object space 87040K, 22% used [0x00000007c0000000,0x00000007c12d6ff8,0x00000007c5500000)
 PSPermGen       total 60416K, used 33262K [0x00000007b0000000, 0x00000007b3b00000, 0x00000007c0000000)
  object space 60416K, 55% used [0x00000007b0000000,0x00000007b207b8b0,0x00000007b3b00000)
}
Event: 177.142 GC heap before
{Heap before GC invocations=15 (full 2):
 PSYoungGen      total 225280K, used 8689K [0x00000007eaa80000, 0x0000000800000000, 0x0000000800000000)
  eden space 216576K, 0% used [0x00000007eaa80000,0x00000007eaa80000,0x00000007f7e00000)
  from space 8704K, 99% used [0x00000007f7e00000,0x00000007f867c4d0,0x00000007f8680000)
  to   space 11264K, 0% used [0x00000007ff500000,0x00000007ff500000,0x0000000800000000)
 ParOldGen       total 87040K, used 19291K [0x00000007c0000000, 0x00000007c5500000, 0x00000007eaa80000)
  object space 87040K, 22% used [0x00000007c0000000,0x00000007c12d6ff8,0x00000007c5500000)
 PSPermGen       total 60416K, used 33262K [0x00000007b0000000, 0x00000007b3b00000, 0x00000007c0000000)
  object space 60416K, 55% used [0x00000007b0000000,0x00000007b207b8b0,0x00000007b3b00000)
Event: 177.407 GC heap after
Heap after GC invocations=15 (full 2):
 PSYoungGen      total 225280K, used 0K [0x00000007eaa80000, 0x0000000800000000, 0x0000000800000000)
  eden space 216576K, 0% used [0x00000007eaa80000,0x00000007eaa80000,0x00000007f7e00000)
  from space 8704K, 0% used [0x00000007f7e00000,0x00000007f7e00000,0x00000007f8680000)
  to   space 11264K, 0% used [0x00000007ff500000,0x00000007ff500000,0x0000000800000000)
 ParOldGen       total 87040K, used 22857K [0x00000007c0000000, 0x00000007c5500000, 0x00000007eaa80000)
  object space 87040K, 26% used [0x00000007c0000000,0x00000007c1652498,0x00000007c5500000)
 PSPermGen       total 70144K, used 33121K [0x00000007b0000000, 0x00000007b4480000, 0x00000007c0000000)
  object space 70144K, 47% used [0x00000007b0000000,0x00000007b2058538,0x00000007b4480000)
}
Event: 2145.622 GC heap before
{Heap before GC invocations=16 (full 2):
 PSYoungGen      total 225280K, used 130338K [0x00000007eaa80000, 0x0000000800000000, 0x0000000800000000)
  eden space 216576K, 60% used [0x00000007eaa80000,0x00000007f29c8958,0x00000007f7e00000)
  from space 8704K, 0% used [0x00000007f7e00000,0x00000007f7e00000,0x00000007f8680000)
  to   space 11264K, 0% used [0x00000007ff500000,0x00000007ff500000,0x0000000800000000)
 ParOldGen       total 87040K, used 22857K [0x00000007c0000000, 0x00000007c5500000, 0x00000007eaa80000)
  object space 87040K, 26% used [0x00000007c0000000,0x00000007c1652498,0x00000007c5500000)
 PSPermGen       total 70144K, used 33399K [0x00000007b0000000, 0x00000007b4480000, 0x00000007c0000000)
  object space 70144K, 47% used [0x00000007b0000000,0x00000007b209dca0,0x00000007b4480000)
Event: 2145.634 GC heap after
Heap after GC invocations=16 (full 2):
 PSYoungGen      total 338432K, used 4016K [0x00000007eaa80000, 0x0000000800000000, 0x0000000800000000)
  eden space 327168K, 0% used [0x00000007eaa80000,0x00000007eaa80000,0x00000007fea00000)
  from space 11264K, 35% used [0x00000007ff500000,0x00000007ff8ec030,0x0000000800000000)
  to   space 11264K, 0% used [0x00000007fea00000,0x00000007fea00000,0x00000007ff500000)
 ParOldGen       total 87040K, used 22857K [0x00000007c0000000, 0x00000007c5500000, 0x00000007eaa80000)
  object space 87040K, 26% used [0x00000007c0000000,0x00000007c1652498,0x00000007c5500000)
 PSPermGen       total 70144K, used 33399K [0x00000007b0000000, 0x00000007b4480000, 0x00000007c0000000)
  object space 70144K, 47% used [0x00000007b0000000,0x00000007b209dca0,0x00000007b4480000)
}
Event: 2145.634 GC heap before
{Heap before GC invocations=17 (full 3):
 PSYoungGen      total 338432K, used 4016K [0x00000007eaa80000, 0x0000000800000000, 0x0000000800000000)
  eden space 327168K, 0% used [0x00000007eaa80000,0x00000007eaa80000,0x00000007fea00000)
  from space 11264K, 35% used [0x00000007ff500000,0x00000007ff8ec030,0x0000000800000000)
  to   space 11264K, 0% used [0x00000007fea00000,0x00000007fea00000,0x00000007ff500000)
 ParOldGen       total 87040K, used 22857K [0x00000007c0000000, 0x00000007c5500000, 0x00000007eaa80000)
  object space 87040K, 26% used [0x00000007c0000000,0x00000007c1652498,0x00000007c5500000)
 PSPermGen       total 70144K, used 33399K [0x00000007b0000000, 0x00000007b4480000, 0x00000007c0000000)
  object space 70144K, 47% used [0x00000007b0000000,0x00000007b209dca0,0x00000007b4480000)
Event: 2145.824 GC heap after
Heap after GC invocations=17 (full 3):
 PSYoungGen      total 338432K, used 0K [0x00000007eaa80000, 0x0000000800000000, 0x0000000800000000)
  eden space 327168K, 0% used [0x00000007eaa80000,0x00000007eaa80000,0x00000007fea00000)
  from space 11264K, 0% used [0x00000007ff500000,0x00000007ff500000,0x0000000800000000)
  to   space 11264K, 0% used [0x00000007fea00000,0x00000007fea00000,0x00000007ff500000)
 ParOldGen       total 87040K, used 11564K [0x00000007c0000000, 0x00000007c5500000, 0x00000007eaa80000)
  object space 87040K, 13% used [0x00000007c0000000,0x00000007c0b4b2f8,0x00000007c5500000)
 PSPermGen       total 68096K, used 32105K [0x00000007b0000000, 0x00000007b4280000, 0x00000007c0000000)
  object space 68096K, 47% used [0x00000007b0000000,0x00000007b1f5a6a8,0x00000007b4280000)
}
Event: 8643.435 GC heap before
{Heap before GC invocations=18 (full 3):
 PSYoungGen      total 338432K, used 327168K [0x00000007eaa80000, 0x0000000800000000, 0x0000000800000000)
  eden space 327168K, 100% used [0x00000007eaa80000,0x00000007fea00000,0x00000007fea00000)
  from space 11264K, 0% used [0x00000007ff500000,0x00000007ff500000,0x0000000800000000)
  to   space 11264K, 0% used [0x00000007fea00000,0x00000007fea00000,0x00000007ff500000)
 ParOldGen       total 87040K, used 11564K [0x00000007c0000000, 0x00000007c5500000, 0x00000007eaa80000)
  object space 87040K, 13% used [0x00000007c0000000,0x00000007c0b4b2f8,0x00000007c5500000)
 PSPermGen       total 68096K, used 33602K [0x00000007b0000000, 0x00000007b4280000, 0x00000007c0000000)
  object space 68096K, 49% used [0x00000007b0000000,0x00000007b20d09c8,0x00000007b4280000)

